CRITICAL - 2022-04-09 04:56:47 --> Undefined index: firstname
#0 C:\projets_web\forum\foods\app\Views\templates\font_header.php(39): CodeIgniter\Debug\Exceptions->errorHandler(8, 'Undefined index...', 'C:\\projets_web\\...', 39, Array)
#1 C:\projets_web\forum\foods\system\View\View.php(210): include('C:\\projets_web\\...')
#2 C:\projets_web\forum\foods\system\View\View.php(213): CodeIgniter\View\View->CodeIgniter\View\{closure}()
#3 C:\projets_web\forum\foods\system\Common.php(1089): CodeIgniter\View\View->render('templates/font_...', Array, true)
#4 C:\projets_web\forum\foods\app\Controllers\Pages.php(13): view('templates/font_...')
#5 C:\projets_web\forum\foods\system\CodeIgniter.php(832): App\Controllers\Pages->index()
#6 C:\projets_web\forum\foods\system\CodeIgniter.php(419): CodeIgniter\CodeIgniter->runController(Object(App\Controllers\Pages))
#7 C:\projets_web\forum\foods\system\CodeIgniter.php(326): CodeIgniter\CodeIgniter->handleRequest(NULL, Object(Config\Cache), false)
#8 C:\projets_web\forum\foods\public\index.php(37): CodeIgniter\CodeIgniter->run()
#9 C:\projets_web\forum\foods\system\Commands\Server\rewrite.php(43): require_once('C:\\projets_web\\...')
#10 {main}
CRITICAL - 2022-04-09 04:58:12 --> Undefined index: is_logged
#0 C:\projets_web\forum\foods\app\Views\templates\font_header.php(49): CodeIgniter\Debug\Exceptions->errorHandler(8, 'Undefined index...', 'C:\\projets_web\\...', 49, Array)
#1 C:\projets_web\forum\foods\system\View\View.php(210): include('C:\\projets_web\\...')
#2 C:\projets_web\forum\foods\system\View\View.php(213): CodeIgniter\View\View->CodeIgniter\View\{closure}()
#3 C:\projets_web\forum\foods\system\Common.php(1089): CodeIgniter\View\View->render('templates/font_...', Array, true)
#4 C:\projets_web\forum\foods\app\Controllers\Pages.php(13): view('templates/font_...')
#5 C:\projets_web\forum\foods\system\CodeIgniter.php(832): App\Controllers\Pages->index()
#6 C:\projets_web\forum\foods\system\CodeIgniter.php(419): CodeIgniter\CodeIgniter->runController(Object(App\Controllers\Pages))
#7 C:\projets_web\forum\foods\system\CodeIgniter.php(326): CodeIgniter\CodeIgniter->handleRequest(NULL, Object(Config\Cache), false)
#8 C:\projets_web\forum\foods\public\index.php(37): CodeIgniter\CodeIgniter->run()
#9 C:\projets_web\forum\foods\system\Commands\Server\rewrite.php(43): require_once('C:\\projets_web\\...')
#10 {main}
CRITICAL - 2022-04-09 04:58:38 --> Undefined index: is_logged
#0 C:\projets_web\forum\foods\app\Views\templates\font_header.php(49): CodeIgniter\Debug\Exceptions->errorHandler(8, 'Undefined index...', 'C:\\projets_web\\...', 49, Array)
#1 C:\projets_web\forum\foods\system\View\View.php(210): include('C:\\projets_web\\...')
#2 C:\projets_web\forum\foods\system\View\View.php(213): CodeIgniter\View\View->CodeIgniter\View\{closure}()
#3 C:\projets_web\forum\foods\system\Common.php(1089): CodeIgniter\View\View->render('templates/font_...', Array, true)
#4 C:\projets_web\forum\foods\app\Controllers\Pages.php(13): view('templates/font_...')
#5 C:\projets_web\forum\foods\system\CodeIgniter.php(832): App\Controllers\Pages->index()
#6 C:\projets_web\forum\foods\system\CodeIgniter.php(419): CodeIgniter\CodeIgniter->runController(Object(App\Controllers\Pages))
#7 C:\projets_web\forum\foods\system\CodeIgniter.php(326): CodeIgniter\CodeIgniter->handleRequest(NULL, Object(Config\Cache), false)
#8 C:\projets_web\forum\foods\public\index.php(37): CodeIgniter\CodeIgniter->run()
#9 C:\projets_web\forum\foods\system\Commands\Server\rewrite.php(43): require_once('C:\\projets_web\\...')
#10 {main}
CRITICAL - 2022-04-09 04:58:39 --> Undefined index: is_logged
#0 C:\projets_web\forum\foods\app\Views\templates\font_header.php(49): CodeIgniter\Debug\Exceptions->errorHandler(8, 'Undefined index...', 'C:\\projets_web\\...', 49, Array)
#1 C:\projets_web\forum\foods\system\View\View.php(210): include('C:\\projets_web\\...')
#2 C:\projets_web\forum\foods\system\View\View.php(213): CodeIgniter\View\View->CodeIgniter\View\{closure}()
#3 C:\projets_web\forum\foods\system\Common.php(1089): CodeIgniter\View\View->render('templates/font_...', Array, true)
#4 C:\projets_web\forum\foods\app\Controllers\Pages.php(13): view('templates/font_...')
#5 C:\projets_web\forum\foods\system\CodeIgniter.php(832): App\Controllers\Pages->index()
#6 C:\projets_web\forum\foods\system\CodeIgniter.php(419): CodeIgniter\CodeIgniter->runController(Object(App\Controllers\Pages))
#7 C:\projets_web\forum\foods\system\CodeIgniter.php(326): CodeIgniter\CodeIgniter->handleRequest(NULL, Object(Config\Cache), false)
#8 C:\projets_web\forum\foods\public\index.php(37): CodeIgniter\CodeIgniter->run()
#9 C:\projets_web\forum\foods\system\Commands\Server\rewrite.php(43): require_once('C:\\projets_web\\...')
#10 {main}
CRITICAL - 2022-04-09 04:58:39 --> Undefined index: is_logged
#0 C:\projets_web\forum\foods\app\Views\templates\font_header.php(49): CodeIgniter\Debug\Exceptions->errorHandler(8, 'Undefined index...', 'C:\\projets_web\\...', 49, Array)
#1 C:\projets_web\forum\foods\system\View\View.php(210): include('C:\\projets_web\\...')
#2 C:\projets_web\forum\foods\system\View\View.php(213): CodeIgniter\View\View->CodeIgniter\View\{closure}()
#3 C:\projets_web\forum\foods\system\Common.php(1089): CodeIgniter\View\View->render('templates/font_...', Array, true)
#4 C:\projets_web\forum\foods\app\Controllers\Pages.php(13): view('templates/font_...')
#5 C:\projets_web\forum\foods\system\CodeIgniter.php(832): App\Controllers\Pages->index()
#6 C:\projets_web\forum\foods\system\CodeIgniter.php(419): CodeIgniter\CodeIgniter->runController(Object(App\Controllers\Pages))
#7 C:\projets_web\forum\foods\system\CodeIgniter.php(326): CodeIgniter\CodeIgniter->handleRequest(NULL, Object(Config\Cache), false)
#8 C:\projets_web\forum\foods\public\index.php(37): CodeIgniter\CodeIgniter->run()
#9 C:\projets_web\forum\foods\system\Commands\Server\rewrite.php(43): require_once('C:\\projets_web\\...')
#10 {main}
CRITICAL - 2022-04-09 04:58:40 --> Undefined index: is_logged
#0 C:\projets_web\forum\foods\app\Views\templates\font_header.php(49): CodeIgniter\Debug\Exceptions->errorHandler(8, 'Undefined index...', 'C:\\projets_web\\...', 49, Array)
#1 C:\projets_web\forum\foods\system\View\View.php(210): include('C:\\projets_web\\...')
#2 C:\projets_web\forum\foods\system\View\View.php(213): CodeIgniter\View\View->CodeIgniter\View\{closure}()
#3 C:\projets_web\forum\foods\system\Common.php(1089): CodeIgniter\View\View->render('templates/font_...', Array, true)
#4 C:\projets_web\forum\foods\app\Controllers\Pages.php(13): view('templates/font_...')
#5 C:\projets_web\forum\foods\system\CodeIgniter.php(832): App\Controllers\Pages->index()
#6 C:\projets_web\forum\foods\system\CodeIgniter.php(419): CodeIgniter\CodeIgniter->runController(Object(App\Controllers\Pages))
#7 C:\projets_web\forum\foods\system\CodeIgniter.php(326): CodeIgniter\CodeIgniter->handleRequest(NULL, Object(Config\Cache), false)
#8 C:\projets_web\forum\foods\public\index.php(37): CodeIgniter\CodeIgniter->run()
#9 C:\projets_web\forum\foods\system\Commands\Server\rewrite.php(43): require_once('C:\\projets_web\\...')
#10 {main}
CRITICAL - 2022-04-09 04:59:07 --> Undefined index: is_logged
#0 C:\projets_web\forum\foods\app\Views\templates\font_header.php(76): CodeIgniter\Debug\Exceptions->errorHandler(8, 'Undefined index...', 'C:\\projets_web\\...', 76, Array)
#1 C:\projets_web\forum\foods\system\View\View.php(210): include('C:\\projets_web\\...')
#2 C:\projets_web\forum\foods\system\View\View.php(213): CodeIgniter\View\View->CodeIgniter\View\{closure}()
#3 C:\projets_web\forum\foods\system\Common.php(1089): CodeIgniter\View\View->render('templates/font_...', Array, true)
#4 C:\projets_web\forum\foods\app\Controllers\Pages.php(13): view('templates/font_...')
#5 C:\projets_web\forum\foods\system\CodeIgniter.php(832): App\Controllers\Pages->index()
#6 C:\projets_web\forum\foods\system\CodeIgniter.php(419): CodeIgniter\CodeIgniter->runController(Object(App\Controllers\Pages))
#7 C:\projets_web\forum\foods\system\CodeIgniter.php(326): CodeIgniter\CodeIgniter->handleRequest(NULL, Object(Config\Cache), false)
#8 C:\projets_web\forum\foods\public\index.php(37): CodeIgniter\CodeIgniter->run()
#9 C:\projets_web\forum\foods\system\Commands\Server\rewrite.php(43): require_once('C:\\projets_web\\...')
#10 {main}
CRITICAL - 2022-04-09 04:59:58 --> Undefined index: is_logged
#0 C:\projets_web\forum\foods\app\Views\templates\font_header.php(49): CodeIgniter\Debug\Exceptions->errorHandler(8, 'Undefined index...', 'C:\\projets_web\\...', 49, Array)
#1 C:\projets_web\forum\foods\system\View\View.php(210): include('C:\\projets_web\\...')
#2 C:\projets_web\forum\foods\system\View\View.php(213): CodeIgniter\View\View->CodeIgniter\View\{closure}()
#3 C:\projets_web\forum\foods\system\Common.php(1089): CodeIgniter\View\View->render('templates/font_...', Array, true)
#4 C:\projets_web\forum\foods\app\Controllers\Pages.php(13): view('templates/font_...')
#5 C:\projets_web\forum\foods\system\CodeIgniter.php(832): App\Controllers\Pages->index()
#6 C:\projets_web\forum\foods\system\CodeIgniter.php(419): CodeIgniter\CodeIgniter->runController(Object(App\Controllers\Pages))
#7 C:\projets_web\forum\foods\system\CodeIgniter.php(326): CodeIgniter\CodeIgniter->handleRequest(NULL, Object(Config\Cache), false)
#8 C:\projets_web\forum\foods\public\index.php(37): CodeIgniter\CodeIgniter->run()
#9 C:\projets_web\forum\foods\system\Commands\Server\rewrite.php(43): require_once('C:\\projets_web\\...')
#10 {main}
CRITICAL - 2022-04-09 05:08:04 --> Only variables should be passed by reference
#0 C:\projets_web\forum\foods\app\Controllers\Pages.php(13): CodeIgniter\Debug\Exceptions->errorHandler(8, 'Only variables ...', 'C:\\projets_web\\...', 13, Array)
#1 C:\projets_web\forum\foods\system\CodeIgniter.php(832): App\Controllers\Pages->index()
#2 C:\projets_web\forum\foods\system\CodeIgniter.php(419): CodeIgniter\CodeIgniter->runController(Object(App\Controllers\Pages))
#3 C:\projets_web\forum\foods\system\CodeIgniter.php(326): CodeIgniter\CodeIgniter->handleRequest(NULL, Object(Config\Cache), false)
#4 C:\projets_web\forum\foods\public\index.php(37): CodeIgniter\CodeIgniter->run()
#5 C:\projets_web\forum\foods\system\Commands\Server\rewrite.php(43): require_once('C:\\projets_web\\...')
#6 {main}
CRITICAL - 2022-04-09 05:09:08 --> Constant expression contains invalid operations
#0 [internal function]: CodeIgniter\Debug\Exceptions->shutdownHandler()
#1 {main}
CRITICAL - 2022-04-09 05:09:21 --> Constant expression contains invalid operations
#0 [internal function]: CodeIgniter\Debug\Exceptions->shutdownHandler()
#1 {main}
CRITICAL - 2022-04-09 05:10:04 --> Call to undefined method CodeIgniter\View\View::session()
#0 C:\projets_web\forum\foods\system\View\View.php(210): include()
#1 C:\projets_web\forum\foods\system\View\View.php(213): CodeIgniter\View\View->CodeIgniter\View\{closure}()
#2 C:\projets_web\forum\foods\system\Common.php(1089): CodeIgniter\View\View->render('templates/font_...', Array, true)
#3 C:\projets_web\forum\foods\app\Controllers\Pages.php(15): view('templates/font_...')
#4 C:\projets_web\forum\foods\system\CodeIgniter.php(832): App\Controllers\Pages->index()
#5 C:\projets_web\forum\foods\system\CodeIgniter.php(419): CodeIgniter\CodeIgniter->runController(Object(App\Controllers\Pages))
#6 C:\projets_web\forum\foods\system\CodeIgniter.php(326): CodeIgniter\CodeIgniter->handleRequest(NULL, Object(Config\Cache), false)
#7 C:\projets_web\forum\foods\public\index.php(37): CodeIgniter\CodeIgniter->run()
#8 C:\projets_web\forum\foods\system\Commands\Server\rewrite.php(43): require_once('C:\\projets_web\\...')
#9 {main}
CRITICAL - 2022-04-09 05:13:51 --> Call to undefined method CodeIgniter\View\View::sess()
#0 C:\projets_web\forum\foods\system\View\View.php(210): include()
#1 C:\projets_web\forum\foods\system\View\View.php(213): CodeIgniter\View\View->CodeIgniter\View\{closure}()
#2 C:\projets_web\forum\foods\system\Common.php(1089): CodeIgniter\View\View->render('templates/font_...', Array, true)
#3 C:\projets_web\forum\foods\app\Controllers\Pages.php(20): view('templates/font_...')
#4 C:\projets_web\forum\foods\system\CodeIgniter.php(832): App\Controllers\Pages->index()
#5 C:\projets_web\forum\foods\system\CodeIgniter.php(419): CodeIgniter\CodeIgniter->runController(Object(App\Controllers\Pages))
#6 C:\projets_web\forum\foods\system\CodeIgniter.php(326): CodeIgniter\CodeIgniter->handleRequest(NULL, Object(Config\Cache), false)
#7 C:\projets_web\forum\foods\public\index.php(37): CodeIgniter\CodeIgniter->run()
#8 C:\projets_web\forum\foods\system\Commands\Server\rewrite.php(43): require_once('C:\\projets_web\\...')
#9 {main}
CRITICAL - 2022-04-09 05:13:53 --> Call to undefined method CodeIgniter\View\View::sess()
#0 C:\projets_web\forum\foods\system\View\View.php(210): include()
#1 C:\projets_web\forum\foods\system\View\View.php(213): CodeIgniter\View\View->CodeIgniter\View\{closure}()
#2 C:\projets_web\forum\foods\system\Common.php(1089): CodeIgniter\View\View->render('templates/font_...', Array, true)
#3 C:\projets_web\forum\foods\app\Controllers\Pages.php(20): view('templates/font_...')
#4 C:\projets_web\forum\foods\system\CodeIgniter.php(832): App\Controllers\Pages->index()
#5 C:\projets_web\forum\foods\system\CodeIgniter.php(419): CodeIgniter\CodeIgniter->runController(Object(App\Controllers\Pages))
#6 C:\projets_web\forum\foods\system\CodeIgniter.php(326): CodeIgniter\CodeIgniter->handleRequest(NULL, Object(Config\Cache), false)
#7 C:\projets_web\forum\foods\public\index.php(37): CodeIgniter\CodeIgniter->run()
#8 C:\projets_web\forum\foods\system\Commands\Server\rewrite.php(43): require_once('C:\\projets_web\\...')
#9 {main}
CRITICAL - 2022-04-09 05:13:53 --> Call to undefined method CodeIgniter\View\View::sess()
#0 C:\projets_web\forum\foods\system\View\View.php(210): include()
#1 C:\projets_web\forum\foods\system\View\View.php(213): CodeIgniter\View\View->CodeIgniter\View\{closure}()
#2 C:\projets_web\forum\foods\system\Common.php(1089): CodeIgniter\View\View->render('templates/font_...', Array, true)
#3 C:\projets_web\forum\foods\app\Controllers\Pages.php(20): view('templates/font_...')
#4 C:\projets_web\forum\foods\system\CodeIgniter.php(832): App\Controllers\Pages->index()
#5 C:\projets_web\forum\foods\system\CodeIgniter.php(419): CodeIgniter\CodeIgniter->runController(Object(App\Controllers\Pages))
#6 C:\projets_web\forum\foods\system\CodeIgniter.php(326): CodeIgniter\CodeIgniter->handleRequest(NULL, Object(Config\Cache), false)
#7 C:\projets_web\forum\foods\public\index.php(37): CodeIgniter\CodeIgniter->run()
#8 C:\projets_web\forum\foods\system\Commands\Server\rewrite.php(43): require_once('C:\\projets_web\\...')
#9 {main}
CRITICAL - 2022-04-09 05:14:46 --> Call to undefined method CodeIgniter\View\View::sess()
#0 C:\projets_web\forum\foods\system\View\View.php(210): include()
#1 C:\projets_web\forum\foods\system\View\View.php(213): CodeIgniter\View\View->CodeIgniter\View\{closure}()
#2 C:\projets_web\forum\foods\system\Common.php(1089): CodeIgniter\View\View->render('templates/font_...', Array, true)
#3 C:\projets_web\forum\foods\app\Controllers\Pages.php(21): view('templates/font_...', Array)
#4 C:\projets_web\forum\foods\system\CodeIgniter.php(832): App\Controllers\Pages->index()
#5 C:\projets_web\forum\foods\system\CodeIgniter.php(419): CodeIgniter\CodeIgniter->runController(Object(App\Controllers\Pages))
#6 C:\projets_web\forum\foods\system\CodeIgniter.php(326): CodeIgniter\CodeIgniter->handleRequest(NULL, Object(Config\Cache), false)
#7 C:\projets_web\forum\foods\public\index.php(37): CodeIgniter\CodeIgniter->run()
#8 C:\projets_web\forum\foods\system\Commands\Server\rewrite.php(43): require_once('C:\\projets_web\\...')
#9 {main}
CRITICAL - 2022-04-09 05:15:08 --> Function name must be a string
#0 C:\projets_web\forum\foods\system\View\View.php(210): include()
#1 C:\projets_web\forum\foods\system\View\View.php(213): CodeIgniter\View\View->CodeIgniter\View\{closure}()
#2 C:\projets_web\forum\foods\system\Common.php(1089): CodeIgniter\View\View->render('templates/font_...', Array, true)
#3 C:\projets_web\forum\foods\app\Controllers\Pages.php(21): view('templates/font_...', Array)
#4 C:\projets_web\forum\foods\system\CodeIgniter.php(832): App\Controllers\Pages->index()
#5 C:\projets_web\forum\foods\system\CodeIgniter.php(419): CodeIgniter\CodeIgniter->runController(Object(App\Controllers\Pages))
#6 C:\projets_web\forum\foods\system\CodeIgniter.php(326): CodeIgniter\CodeIgniter->handleRequest(NULL, Object(Config\Cache), false)
#7 C:\projets_web\forum\foods\public\index.php(37): CodeIgniter\CodeIgniter->run()
#8 C:\projets_web\forum\foods\system\Commands\Server\rewrite.php(43): require_once('C:\\projets_web\\...')
#9 {main}
CRITICAL - 2022-04-09 05:18:50 --> Call to undefined method CodeIgniter\View\View::session()
#0 C:\projets_web\forum\foods\system\View\View.php(210): include()
#1 C:\projets_web\forum\foods\system\View\View.php(213): CodeIgniter\View\View->CodeIgniter\View\{closure}()
#2 C:\projets_web\forum\foods\system\Common.php(1089): CodeIgniter\View\View->render('templates/font_...', Array, true)
#3 C:\projets_web\forum\foods\app\Controllers\Pages.php(21): view('templates/font_...', Array)
#4 C:\projets_web\forum\foods\system\CodeIgniter.php(832): App\Controllers\Pages->index()
#5 C:\projets_web\forum\foods\system\CodeIgniter.php(419): CodeIgniter\CodeIgniter->runController(Object(App\Controllers\Pages))
#6 C:\projets_web\forum\foods\system\CodeIgniter.php(326): CodeIgniter\CodeIgniter->handleRequest(NULL, Object(Config\Cache), false)
#7 C:\projets_web\forum\foods\public\index.php(37): CodeIgniter\CodeIgniter->run()
#8 C:\projets_web\forum\foods\system\Commands\Server\rewrite.php(43): require_once('C:\\projets_web\\...')
#9 {main}
CRITICAL - 2022-04-09 05:21:55 --> Call to undefined method CodeIgniter\View\View::session()
#0 C:\projets_web\forum\foods\system\View\View.php(210): include()
#1 C:\projets_web\forum\foods\system\View\View.php(213): CodeIgniter\View\View->CodeIgniter\View\{closure}()
#2 C:\projets_web\forum\foods\system\Common.php(1089): CodeIgniter\View\View->render('templates/font_...', Array, true)
#3 C:\projets_web\forum\foods\app\Controllers\Pages.php(21): view('templates/font_...', Array)
#4 C:\projets_web\forum\foods\system\CodeIgniter.php(832): App\Controllers\Pages->index()
#5 C:\projets_web\forum\foods\system\CodeIgniter.php(419): CodeIgniter\CodeIgniter->runController(Object(App\Controllers\Pages))
#6 C:\projets_web\forum\foods\system\CodeIgniter.php(326): CodeIgniter\CodeIgniter->handleRequest(NULL, Object(Config\Cache), false)
#7 C:\projets_web\forum\foods\public\index.php(37): CodeIgniter\CodeIgniter->run()
#8 C:\projets_web\forum\foods\system\Commands\Server\rewrite.php(43): require_once('C:\\projets_web\\...')
#9 {main}
CRITICAL - 2022-04-09 05:25:02 --> Call to undefined method CodeIgniter\View\View::session()
#0 C:\projets_web\forum\foods\system\View\View.php(210): include()
#1 C:\projets_web\forum\foods\system\View\View.php(213): CodeIgniter\View\View->CodeIgniter\View\{closure}()
#2 C:\projets_web\forum\foods\system\Common.php(1089): CodeIgniter\View\View->render('templates/font_...', Array, true)
#3 C:\projets_web\forum\foods\app\Controllers\Pages.php(21): view('templates/font_...', Array)
#4 C:\projets_web\forum\foods\system\CodeIgniter.php(832): App\Controllers\Pages->index()
#5 C:\projets_web\forum\foods\system\CodeIgniter.php(419): CodeIgniter\CodeIgniter->runController(Object(App\Controllers\Pages))
#6 C:\projets_web\forum\foods\system\CodeIgniter.php(326): CodeIgniter\CodeIgniter->handleRequest(NULL, Object(Config\Cache), false)
#7 C:\projets_web\forum\foods\public\index.php(37): CodeIgniter\CodeIgniter->run()
#8 C:\projets_web\forum\foods\system\Commands\Server\rewrite.php(43): require_once('C:\\projets_web\\...')
#9 {main}
CRITICAL - 2022-04-09 05:39:01 --> Cannot use self as self because 'self' is a special class name
#0 [internal function]: CodeIgniter\Debug\Exceptions->shutdownHandler()
#1 {main}
CRITICAL - 2022-04-09 05:39:28 --> Cannot use self as self because 'self' is a special class name
#0 [internal function]: CodeIgniter\Debug\Exceptions->shutdownHandler()
#1 {main}
CRITICAL - 2022-04-09 06:03:03 --> Invalid file: pages/recipee/detail.php
#0 C:\projets_web\forum\foods\system\View\View.php(198): CodeIgniter\Exceptions\FrameworkException::forInvalidFile('pages/recipee/d...')
#1 C:\projets_web\forum\foods\system\Common.php(1089): CodeIgniter\View\View->render('pages/recipee/d...', Array, true)
#2 C:\projets_web\forum\foods\app\Controllers\Recipee.php(15): view('pages/recipee/d...', Array)
#3 C:\projets_web\forum\foods\system\CodeIgniter.php(832): App\Controllers\Recipee->details()
#4 C:\projets_web\forum\foods\system\CodeIgniter.php(419): CodeIgniter\CodeIgniter->runController(Object(App\Controllers\Recipee))
#5 C:\projets_web\forum\foods\system\CodeIgniter.php(326): CodeIgniter\CodeIgniter->handleRequest(NULL, Object(Config\Cache), false)
#6 C:\projets_web\forum\foods\public\index.php(37): CodeIgniter\CodeIgniter->run()
#7 C:\projets_web\forum\foods\system\Commands\Server\rewrite.php(43): require_once('C:\\projets_web\\...')
#8 {main}
CRITICAL - 2022-04-09 06:03:43 --> Invalid file: pages/recipee/detail.php
#0 C:\projets_web\forum\foods\system\View\View.php(198): CodeIgniter\Exceptions\FrameworkException::forInvalidFile('pages/recipee/d...')
#1 C:\projets_web\forum\foods\system\Common.php(1089): CodeIgniter\View\View->render('pages/recipee/d...', Array, true)
#2 C:\projets_web\forum\foods\app\Controllers\Recipee.php(15): view('pages/recipee/d...', Array)
#3 C:\projets_web\forum\foods\system\CodeIgniter.php(832): App\Controllers\Recipee->details()
#4 C:\projets_web\forum\foods\system\CodeIgniter.php(419): CodeIgniter\CodeIgniter->runController(Object(App\Controllers\Recipee))
#5 C:\projets_web\forum\foods\system\CodeIgniter.php(326): CodeIgniter\CodeIgniter->handleRequest(NULL, Object(Config\Cache), false)
#6 C:\projets_web\forum\foods\public\index.php(37): CodeIgniter\CodeIgniter->run()
#7 C:\projets_web\forum\foods\system\Commands\Server\rewrite.php(43): require_once('C:\\projets_web\\...')
#8 {main}
CRITICAL - 2022-04-09 06:03:47 --> Invalid file: pages/recipee/detail.php
#0 C:\projets_web\forum\foods\system\View\View.php(198): CodeIgniter\Exceptions\FrameworkException::forInvalidFile('pages/recipee/d...')
#1 C:\projets_web\forum\foods\system\Common.php(1089): CodeIgniter\View\View->render('pages/recipee/d...', Array, true)
#2 C:\projets_web\forum\foods\app\Controllers\Recipee.php(15): view('pages/recipee/d...', Array)
#3 C:\projets_web\forum\foods\system\CodeIgniter.php(832): App\Controllers\Recipee->details()
#4 C:\projets_web\forum\foods\system\CodeIgniter.php(419): CodeIgniter\CodeIgniter->runController(Object(App\Controllers\Recipee))
#5 C:\projets_web\forum\foods\system\CodeIgniter.php(326): CodeIgniter\CodeIgniter->handleRequest(NULL, Object(Config\Cache), false)
#6 C:\projets_web\forum\foods\public\index.php(37): CodeIgniter\CodeIgniter->run()
#7 C:\projets_web\forum\foods\system\Commands\Server\rewrite.php(43): require_once('C:\\projets_web\\...')
#8 {main}
CRITICAL - 2022-04-09 06:04:06 --> Invalid file: pages/recipee/detail.php
#0 C:\projets_web\forum\foods\system\View\View.php(198): CodeIgniter\Exceptions\FrameworkException::forInvalidFile('pages/recipee/d...')
#1 C:\projets_web\forum\foods\system\Common.php(1089): CodeIgniter\View\View->render('pages/recipee/d...', Array, true)
#2 C:\projets_web\forum\foods\app\Controllers\Recipee.php(15): view('pages/recipee/d...', Array)
#3 C:\projets_web\forum\foods\system\CodeIgniter.php(832): App\Controllers\Recipee->details()
#4 C:\projets_web\forum\foods\system\CodeIgniter.php(419): CodeIgniter\CodeIgniter->runController(Object(App\Controllers\Recipee))
#5 C:\projets_web\forum\foods\system\CodeIgniter.php(326): CodeIgniter\CodeIgniter->handleRequest(NULL, Object(Config\Cache), false)
#6 C:\projets_web\forum\foods\public\index.php(37): CodeIgniter\CodeIgniter->run()
#7 C:\projets_web\forum\foods\system\Commands\Server\rewrite.php(43): require_once('C:\\projets_web\\...')
#8 {main}
CRITICAL - 2022-04-09 07:02:43 --> Undefined variable: activemenu
#0 C:\projets_web\forum\foods\app\Views\templates\back_sidebar.php(39): CodeIgniter\Debug\Exceptions->errorHandler(8, 'Undefined varia...', 'C:\\projets_web\\...', 39, Array)
#1 C:\projets_web\forum\foods\system\View\View.php(210): include('C:\\projets_web\\...')
#2 C:\projets_web\forum\foods\system\View\View.php(213): CodeIgniter\View\View->CodeIgniter\View\{closure}()
#3 C:\projets_web\forum\foods\system\Common.php(1089): CodeIgniter\View\View->render('templates/back_...', Array, true)
#4 C:\projets_web\forum\foods\app\Controllers\Dashboard.php(14): view('templates/back_...', Array)
#5 C:\projets_web\forum\foods\system\CodeIgniter.php(832): App\Controllers\Dashboard->index()
#6 C:\projets_web\forum\foods\system\CodeIgniter.php(419): CodeIgniter\CodeIgniter->runController(Object(App\Controllers\Dashboard))
#7 C:\projets_web\forum\foods\system\CodeIgniter.php(326): CodeIgniter\CodeIgniter->handleRequest(NULL, Object(Config\Cache), false)
#8 C:\projets_web\forum\foods\public\index.php(37): CodeIgniter\CodeIgniter->run()
#9 C:\projets_web\forum\foods\system\Commands\Server\rewrite.php(43): require_once('C:\\projets_web\\...')
#10 {main}
CRITICAL - 2022-04-09 07:07:24 --> Undefined variable: activemenu
#0 C:\projets_web\forum\foods\app\Views\templates\back_sidebar.php(39): CodeIgniter\Debug\Exceptions->errorHandler(8, 'Undefined varia...', 'C:\\projets_web\\...', 39, Array)
#1 C:\projets_web\forum\foods\system\View\View.php(210): include('C:\\projets_web\\...')
#2 C:\projets_web\forum\foods\system\View\View.php(213): CodeIgniter\View\View->CodeIgniter\View\{closure}()
#3 C:\projets_web\forum\foods\system\Common.php(1089): CodeIgniter\View\View->render('templates/back_...', Array, true)
#4 C:\projets_web\forum\foods\app\Controllers\Recipee.php(25): view('templates/back_...', Array)
#5 C:\projets_web\forum\foods\system\CodeIgniter.php(832): App\Controllers\Recipee->list()
#6 C:\projets_web\forum\foods\system\CodeIgniter.php(419): CodeIgniter\CodeIgniter->runController(Object(App\Controllers\Recipee))
#7 C:\projets_web\forum\foods\system\CodeIgniter.php(326): CodeIgniter\CodeIgniter->handleRequest(NULL, Object(Config\Cache), false)
#8 C:\projets_web\forum\foods\public\index.php(37): CodeIgniter\CodeIgniter->run()
#9 C:\projets_web\forum\foods\system\Commands\Server\rewrite.php(43): require_once('C:\\projets_web\\...')
#10 {main}
CRITICAL - 2022-04-09 07:07:46 --> Undefined variable: activemenu
#0 C:\projets_web\forum\foods\app\Views\templates\back_sidebar.php(39): CodeIgniter\Debug\Exceptions->errorHandler(8, 'Undefined varia...', 'C:\\projets_web\\...', 39, Array)
#1 C:\projets_web\forum\foods\system\View\View.php(210): include('C:\\projets_web\\...')
#2 C:\projets_web\forum\foods\system\View\View.php(213): CodeIgniter\View\View->CodeIgniter\View\{closure}()
#3 C:\projets_web\forum\foods\system\Common.php(1089): CodeIgniter\View\View->render('templates/back_...', Array, true)
#4 C:\projets_web\forum\foods\app\Controllers\Recipee.php(25): view('templates/back_...', Array)
#5 C:\projets_web\forum\foods\system\CodeIgniter.php(832): App\Controllers\Recipee->list()
#6 C:\projets_web\forum\foods\system\CodeIgniter.php(419): CodeIgniter\CodeIgniter->runController(Object(App\Controllers\Recipee))
#7 C:\projets_web\forum\foods\system\CodeIgniter.php(326): CodeIgniter\CodeIgniter->handleRequest(NULL, Object(Config\Cache), false)
#8 C:\projets_web\forum\foods\public\index.php(37): CodeIgniter\CodeIgniter->run()
#9 C:\projets_web\forum\foods\system\Commands\Server\rewrite.php(43): require_once('C:\\projets_web\\...')
#10 {main}
