CRITICAL - 2022-04-11 05:05:46 --> Undefined index: is_logged
#0 C:\projets_web\forum\foods\app\Views\templates\font_header.php(49): CodeIgniter\Debug\Exceptions->errorHandler(8, 'Undefined index...', 'C:\\projets_web\\...', 49, Array)
#1 C:\projets_web\forum\foods\system\View\View.php(210): include('C:\\projets_web\\...')
#2 C:\projets_web\forum\foods\system\View\View.php(213): CodeIgniter\View\View->CodeIgniter\View\{closure}()
#3 C:\projets_web\forum\foods\system\Common.php(1089): CodeIgniter\View\View->render('templates/font_...', Array, true)
#4 C:\projets_web\forum\foods\app\Controllers\Pages.php(22): view('templates/font_...', Array)
#5 C:\projets_web\forum\foods\system\CodeIgniter.php(832): App\Controllers\Pages->index()
#6 C:\projets_web\forum\foods\system\CodeIgniter.php(419): CodeIgniter\CodeIgniter->runController(Object(App\Controllers\Pages))
#7 C:\projets_web\forum\foods\system\CodeIgniter.php(326): CodeIgniter\CodeIgniter->handleRequest(NULL, Object(Config\Cache), false)
#8 C:\projets_web\forum\foods\public\index.php(37): CodeIgniter\CodeIgniter->run()
#9 C:\projets_web\forum\foods\system\Commands\Server\rewrite.php(43): require_once('C:\\projets_web\\...')
#10 {main}
CRITICAL - 2022-04-11 05:10:22 --> Undefined index: is_logged
#0 C:\projets_web\forum\foods\app\Views\templates\font_header.php(49): CodeIgniter\Debug\Exceptions->errorHandler(8, 'Undefined index...', 'C:\\projets_web\\...', 49, Array)
#1 C:\projets_web\forum\foods\system\View\View.php(210): include('C:\\projets_web\\...')
#2 C:\projets_web\forum\foods\system\View\View.php(213): CodeIgniter\View\View->CodeIgniter\View\{closure}()
#3 C:\projets_web\forum\foods\system\Common.php(1089): CodeIgniter\View\View->render('templates/font_...', Array, true)
#4 C:\projets_web\forum\foods\app\Controllers\Pages.php(22): view('templates/font_...', Array)
#5 C:\projets_web\forum\foods\system\CodeIgniter.php(832): App\Controllers\Pages->index()
#6 C:\projets_web\forum\foods\system\CodeIgniter.php(419): CodeIgniter\CodeIgniter->runController(Object(App\Controllers\Pages))
#7 C:\projets_web\forum\foods\system\CodeIgniter.php(326): CodeIgniter\CodeIgniter->handleRequest(NULL, Object(Config\Cache), false)
#8 C:\projets_web\forum\foods\public\index.php(37): CodeIgniter\CodeIgniter->run()
#9 C:\projets_web\forum\foods\system\Commands\Server\rewrite.php(43): require_once('C:\\projets_web\\...')
#10 {main}
CRITICAL - 2022-04-11 05:12:20 --> Undefined index: is_logged
#0 C:\projets_web\forum\foods\app\Views\templates\font_header.php(77): CodeIgniter\Debug\Exceptions->errorHandler(8, 'Undefined index...', 'C:\\projets_web\\...', 77, Array)
#1 C:\projets_web\forum\foods\system\View\View.php(210): include('C:\\projets_web\\...')
#2 C:\projets_web\forum\foods\system\View\View.php(213): CodeIgniter\View\View->CodeIgniter\View\{closure}()
#3 C:\projets_web\forum\foods\system\Common.php(1089): CodeIgniter\View\View->render('templates/font_...', Array, true)
#4 C:\projets_web\forum\foods\app\Controllers\Pages.php(22): view('templates/font_...', Array)
#5 C:\projets_web\forum\foods\system\CodeIgniter.php(832): App\Controllers\Pages->index()
#6 C:\projets_web\forum\foods\system\CodeIgniter.php(419): CodeIgniter\CodeIgniter->runController(Object(App\Controllers\Pages))
#7 C:\projets_web\forum\foods\system\CodeIgniter.php(326): CodeIgniter\CodeIgniter->handleRequest(NULL, Object(Config\Cache), false)
#8 C:\projets_web\forum\foods\public\index.php(37): CodeIgniter\CodeIgniter->run()
#9 C:\projets_web\forum\foods\system\Commands\Server\rewrite.php(43): require_once('C:\\projets_web\\...')
#10 {main}
CRITICAL - 2022-04-11 05:28:30 --> Array to string conversion
#0 C:\projets_web\forum\foods\app\Views\templates\font_header.php(49): CodeIgniter\Debug\Exceptions->errorHandler(8, 'Array to string...', 'C:\\projets_web\\...', 49, Array)
#1 C:\projets_web\forum\foods\system\View\View.php(210): include('C:\\projets_web\\...')
#2 C:\projets_web\forum\foods\system\View\View.php(213): CodeIgniter\View\View->CodeIgniter\View\{closure}()
#3 C:\projets_web\forum\foods\system\Common.php(1089): CodeIgniter\View\View->render('templates/font_...', Array, true)
#4 C:\projets_web\forum\foods\app\Controllers\Pages.php(22): view('templates/font_...', Array)
#5 C:\projets_web\forum\foods\system\CodeIgniter.php(832): App\Controllers\Pages->index()
#6 C:\projets_web\forum\foods\system\CodeIgniter.php(419): CodeIgniter\CodeIgniter->runController(Object(App\Controllers\Pages))
#7 C:\projets_web\forum\foods\system\CodeIgniter.php(326): CodeIgniter\CodeIgniter->handleRequest(NULL, Object(Config\Cache), false)
#8 C:\projets_web\forum\foods\public\index.php(37): CodeIgniter\CodeIgniter->run()
#9 C:\projets_web\forum\foods\system\Commands\Server\rewrite.php(43): require_once('C:\\projets_web\\...')
#10 {main}
CRITICAL - 2022-04-11 05:28:39 --> Object of class CodeIgniter\Session\Session could not be converted to string
#0 C:\projets_web\forum\foods\system\View\View.php(210): include()
#1 C:\projets_web\forum\foods\system\View\View.php(213): CodeIgniter\View\View->CodeIgniter\View\{closure}()
#2 C:\projets_web\forum\foods\system\Common.php(1089): CodeIgniter\View\View->render('templates/font_...', Array, true)
#3 C:\projets_web\forum\foods\app\Controllers\Pages.php(22): view('templates/font_...', Array)
#4 C:\projets_web\forum\foods\system\CodeIgniter.php(832): App\Controllers\Pages->index()
#5 C:\projets_web\forum\foods\system\CodeIgniter.php(419): CodeIgniter\CodeIgniter->runController(Object(App\Controllers\Pages))
#6 C:\projets_web\forum\foods\system\CodeIgniter.php(326): CodeIgniter\CodeIgniter->handleRequest(NULL, Object(Config\Cache), false)
#7 C:\projets_web\forum\foods\public\index.php(37): CodeIgniter\CodeIgniter->run()
#8 C:\projets_web\forum\foods\system\Commands\Server\rewrite.php(43): require_once('C:\\projets_web\\...')
#9 {main}
